app/build/intermediates/manifest_merge_blame_file/devDebug/manifest-merger-blame-dev-debug-report.txt
1<?xml version="1.0" encoding="utf-8"?>
2<manifest xmlns:android="http://schemas.android.com/apk/res/android"
3    package="vn.trungkma.money.dev"
4    android:versionCode="1"
5    android:versionName="1.0" >
6
7    <uses-sdk
8        android:minSdkVersion="21"
8-->src/main/AndroidManifest.xml
9        android:targetSdkVersion="30" />
9-->src/main/AndroidManifest.xml
10
11    <uses-permission android:name="android.permission.ACCESS_NETWORK_STATE" />
11-->src/main/AndroidManifest.xml:6:5-79
11-->src/main/AndroidManifest.xml:6:22-76
12    <uses-permission android:name="android.permission.MANAGE_EXTERNAL_STORAGE" />
12-->src/main/AndroidManifest.xml:7:5-9:40
12-->src/main/AndroidManifest.xml:8:9-66
13    <uses-permission android:name="android.permission.READ_EXTERNAL_STORAGE" />
13-->src/main/AndroidManifest.xml:10:5-80
13-->src/main/AndroidManifest.xml:10:22-77
14    <uses-permission android:name="android.permission.WRITE_EXTERNAL_STORAGE" />
14-->src/main/AndroidManifest.xml:11:5-81
14-->src/main/AndroidManifest.xml:11:22-78
15    <uses-permission android:name="android.permission.INTERNET" />
15-->[com.google.firebase:firebase-firestore:23.0.4] AndroidManifest.xml:14:5-67
15-->[com.google.firebase:firebase-firestore:23.0.4] AndroidManifest.xml:14:22-64
16
17    <application
17-->src/main/AndroidManifest.xml:13:5-41:19
18        android:name="vn.trungkma.money.App"
18-->src/main/AndroidManifest.xml:14:9-45
19        android:allowBackup="true"
19-->src/main/AndroidManifest.xml:15:9-35
20        android:appComponentFactory="androidx.core.app.CoreComponentFactory"
20-->[androidx.core:core:1.3.1] AndroidManifest.xml:24:18-86
21        android:debuggable="true"
22        android:icon="@mipmap/ic_launcher_keep_money"
22-->src/main/AndroidManifest.xml:16:9-54
23        android:label="@string/app_name"
23-->src/main/AndroidManifest.xml:17:9-41
24        android:networkSecurityConfig="@xml/network_security_config"
24-->src/main/AndroidManifest.xml:18:9-69
25        android:preserveLegacyExternalStorage="true"
25-->src/main/AndroidManifest.xml:19:9-53
26        android:requestLegacyExternalStorage="true"
26-->src/main/AndroidManifest.xml:20:9-52
27        android:roundIcon="@mipmap/ic_launcher_keep_money_round"
27-->src/main/AndroidManifest.xml:21:9-65
28        android:supportsRtl="true"
28-->src/main/AndroidManifest.xml:22:9-35
29        android:testOnly="true"
30        android:theme="@style/Theme.Zazip"
30-->src/main/AndroidManifest.xml:23:9-43
31        android:usesCleartextTraffic="true" >
31-->src/main/AndroidManifest.xml:24:9-44
32        <activity
32-->src/main/AndroidManifest.xml:25:9-27:40
33            android:name="vn.trungkma.money.ViewSliderActivity"
33-->src/main/AndroidManifest.xml:26:13-47
34            android:exported="false" />
34-->src/main/AndroidManifest.xml:27:13-37
35        <activity
35-->src/main/AndroidManifest.xml:28:9-30:68
36            android:name="vn.trungkma.money.ui.main.MainActivity"
36-->src/main/AndroidManifest.xml:29:13-66
37            android:windowSoftInputMode="adjustNothing" />
37-->src/main/AndroidManifest.xml:30:13-56
38        <activity
38-->src/main/AndroidManifest.xml:31:9-40:20
39            android:name="vn.trungkma.money.ui.splash.SplashActivity"
39-->src/main/AndroidManifest.xml:32:13-70
40            android:exported="true"
40-->src/main/AndroidManifest.xml:33:13-36
41            android:theme="@style/Theme.GradientStatusBar" >
41-->src/main/AndroidManifest.xml:34:13-59
42            <intent-filter>
42-->src/main/AndroidManifest.xml:35:13-39:29
43                <action android:name="android.intent.action.MAIN" />
43-->src/main/AndroidManifest.xml:36:17-69
43-->src/main/AndroidManifest.xml:36:25-66
44
45                <category android:name="android.intent.category.LAUNCHER" />
45-->src/main/AndroidManifest.xml:38:17-77
45-->src/main/AndroidManifest.xml:38:27-74
46            </intent-filter>
47        </activity>
48
49        <service
49-->[com.google.firebase:firebase-firestore:23.0.4] AndroidManifest.xml:17:9-23:19
50            android:name="com.google.firebase.components.ComponentDiscoveryService"
50-->[com.google.firebase:firebase-firestore:23.0.4] AndroidManifest.xml:18:13-84
51            android:directBootAware="true"
51-->[com.google.firebase:firebase-common:20.0.0] AndroidManifest.xml:35:13-43
52            android:exported="false" >
52-->[com.google.firebase:firebase-firestore:23.0.4] AndroidManifest.xml:19:13-37
53            <meta-data
53-->[com.google.firebase:firebase-firestore:23.0.4] AndroidManifest.xml:20:13-22:85
54                android:name="com.google.firebase.components:com.google.firebase.firestore.FirestoreRegistrar"
54-->[com.google.firebase:firebase-firestore:23.0.4] AndroidManifest.xml:21:17-111
55                android:value="com.google.firebase.components.ComponentRegistrar" />
55-->[com.google.firebase:firebase-firestore:23.0.4] AndroidManifest.xml:22:17-82
56        </service>
57        <service
57-->[androidx.room:room-runtime:2.3.0-beta02] AndroidManifest.xml:25:9-28:40
58            android:name="androidx.room.MultiInstanceInvalidationService"
58-->[androidx.room:room-runtime:2.3.0-beta02] AndroidManifest.xml:26:13-74
59            android:directBootAware="true"
59-->[androidx.room:room-runtime:2.3.0-beta02] AndroidManifest.xml:27:13-43
60            android:exported="false" />
60-->[androidx.room:room-runtime:2.3.0-beta02] AndroidManifest.xml:28:13-37
61
62        <activity
62-->[com.google.android.gms:play-services-base:17.0.0] AndroidManifest.xml:23:9-26:75
63            android:name="com.google.android.gms.common.api.GoogleApiActivity"
63-->[com.google.android.gms:play-services-base:17.0.0] AndroidManifest.xml:24:13-79
64            android:exported="false"
64-->[com.google.android.gms:play-services-base:17.0.0] AndroidManifest.xml:25:13-37
65            android:theme="@android:style/Theme.Translucent.NoTitleBar" />
65-->[com.google.android.gms:play-services-base:17.0.0] AndroidManifest.xml:26:13-72
66
67        <provider
67-->[com.google.firebase:firebase-common:20.0.0] AndroidManifest.xml:26:9-31:39
68            android:name="com.google.firebase.provider.FirebaseInitProvider"
68-->[com.google.firebase:firebase-common:20.0.0] AndroidManifest.xml:27:13-77
69            android:authorities="vn.trungkma.money.dev.firebaseinitprovider"
69-->[com.google.firebase:firebase-common:20.0.0] AndroidManifest.xml:28:13-72
70            android:directBootAware="true"
70-->[com.google.firebase:firebase-common:20.0.0] AndroidManifest.xml:29:13-43
71            android:exported="false"
71-->[com.google.firebase:firebase-common:20.0.0] AndroidManifest.xml:30:13-37
72            android:initOrder="100" />
72-->[com.google.firebase:firebase-common:20.0.0] AndroidManifest.xml:31:13-36
73
74        <meta-data
74-->[com.google.android.gms:play-services-basement:17.0.0] AndroidManifest.xml:23:9-25:69
75            android:name="com.google.android.gms.version"
75-->[com.google.android.gms:play-services-basement:17.0.0] AndroidManifest.xml:24:13-58
76            android:value="@integer/google_play_services_version" />
76-->[com.google.android.gms:play-services-basement:17.0.0] AndroidManifest.xml:25:13-66
77    </application>
78
79</manifest>